17:59:30: Creating resource group General
17:59:30: Creating resource group OgreInternal
17:59:30: Creating resource group OgreAutodetect
17:59:30: Registering ResourceManager for type Mesh
17:59:30: Registering ResourceManager for type Material
17:59:30: Registering ResourceManager for type Skeleton
17:59:30: XMLSkeletonSerializer: reading XML data from /home/berry/Desktop/CIS5012/Models/Crystal/Crystal.skeleton.xml...
17:59:30: XMLSkeletonSerializer: Reading Bones name...
17:59:30: XMLSkeletonSerializer: Reading Hierarchy data...
17:59:30: XMLSkeletonSerializer: Reading Bones data...
17:59:30: XMLSkeletonSerializer: Reading Animations data...
17:59:30: XMLSkeletonSerializer: Finished. Running SkeletonSerializer...
17:59:30: Exporting bones..
17:59:30: Bones exported.
17:59:30: Exporting animations, count=1
17:59:30: Exporting animation: my_animation
17:59:30: Animation exported.
17:59:30: Unregistering ResourceManager for type Skeleton
17:59:30: Unregistering ResourceManager for type Material
17:59:30: Unregistering ResourceManager for type Mesh
